  [1m[35m (43.2ms)[0m  [1m[35mCREATE TABLE "schema_migrations" ("version" character varying NOT NULL PRIMARY KEY)[0m
  [1m[35m (8.6ms)[0m  [1m[35mCREATE TABLE "ar_internal_metadata" ("key" character varying NOT NULL PRIMARY KEY, "value" character varying, "created_at" timestamp(6) NOT NULL, "updated_at" timestamp(6) NOT NULL)[0m
  [1m[35m (2.1ms)[0m  [1m[34mSELECT pg_try_advisory_lock(6471321961055602770)[0m
  [1m[35m (1.5ms)[0m  [1m[34mSELECT "schema_migrations"."version" FROM "schema_migrations" ORDER BY "schema_migrations"."version" ASC[0m
Migrating to CreateRestaurants (20201112041111)
  [1m[35m (0.1ms)[0m  [1m[35mBEGIN[0m
  [1m[35m (7.5ms)[0m  [1m[35mCREATE TABLE "restaurants" ("id" bigserial primary key, "name" character varying, "address" character varying, "post_code" character varying, "number_of_chairs" integer, "category" character varying, "created_at" timestamp(6) NOT NULL, "updated_at" timestamp(6) NOT NULL)[0m
  [1m[36mprimary::SchemaMigration Create (3.2ms)[0m  [1m[32mINSERT INTO "schema_migrations" ("version") VALUES ($1) RETURNING "version"[0m  [["version", "20201112041111"]]
  [1m[35m (0.5ms)[0m  [1m[35mCOMMIT[0m
  [1m[36mActiveRecord::InternalMetadata Load (0.3ms)[0m  [1m[34mSELECT "ar_internal_metadata".* FROM "ar_internal_metadata" WHERE "ar_internal_metadata"."key" = $1 LIMIT $2[0m  [["key", "environment"], ["LIMIT", 1]]
  [1m[35m (0.1ms)[0m  [1m[35mBEGIN[0m
  [1m[36mActiveRecord::InternalMetadata Create (5.7ms)[0m  [1m[32mINSERT INTO "ar_internal_metadata" ("key", "value", "created_at", "updated_at") VALUES ($1, $2, $3, $4) RETURNING "key"[0m  [["key", "environment"], ["value", "development"], ["created_at", "2020-11-12 04:49:08.164976"], ["updated_at", "2020-11-12 04:49:08.164976"]]
  [1m[35m (0.4ms)[0m  [1m[35mCOMMIT[0m
  [1m[35m (0.4ms)[0m  [1m[34mSELECT pg_advisory_unlock(6471321961055602770)[0m
  [1m[35m (0.8ms)[0m  [1m[34mSELECT "schema_migrations"."version" FROM "schema_migrations" ORDER BY "schema_migrations"."version" ASC[0m
  [1m[35m (0.5ms)[0m  [1m[34mSELECT "schema_migrations"."version" FROM "schema_migrations" ORDER BY "schema_migrations"."version" ASC[0m
  [1m[35m (0.5ms)[0m  [1m[34mSELECT "schema_migrations"."version" FROM "schema_migrations" ORDER BY "schema_migrations"."version" ASC[0m
  [1m[35m (0.4ms)[0m  [1m[34mSELECT "schema_migrations"."version" FROM "schema_migrations" ORDER BY "schema_migrations"."version" ASC[0m
  [1m[36mRestaurant Load (1.3ms)[0m  [1m[34mSELECT "restaurants".* FROM "restaurants"[0m
  ↳ lib/tasks/load_csv.rake:7:in `block (3 levels) in <top (required)>'
  [1m[36mRestaurant Load (0.5ms)[0m  [1m[34mSELECT "restaurants".* FROM "restaurants"[0m
  ↳ lib/tasks/load_csv.rake:7:in `block (3 levels) in <top (required)>'
  [1m[36mRestaurant Load (0.4ms)[0m  [1m[34mSELECT "restaurants".* FROM "restaurants"[0m
  ↳ lib/tasks/load_csv.rake:7:in `block (3 levels) in <top (required)>'
  [1m[35m (0.2ms)[0m  [1m[35mBEGIN[0m
  ↳ lib/tasks/load_csv.rake:10:in `block (3 levels) in <top (required)>'
  [1m[36mRestaurant Create (5.0ms)[0m  [1m[32mINSERT INTO "restaurants" ("name", "address", "post_code", "number_of_chairs", "created_at", "updated_at") VALUES ($1, $2, $3, $4, $5, $6) RETURNING "id"[0m  [["name", "All Bar One"], ["address", "27 East Parade"], ["post_code", "LS1 5BN"], ["number_of_chairs", 20], ["created_at", "2020-11-12 05:07:22.145342"], ["updated_at", "2020-11-12 05:07:22.145342"]]
  ↳ lib/tasks/load_csv.rake:10:in `block (3 levels) in <top (required)>'
  [1m[35m (0.5ms)[0m  [1m[35mCOMMIT[0m
  ↳ lib/tasks/load_csv.rake:10:in `block (3 levels) in <top (required)>'
  [1m[35m (0.5ms)[0m  [1m[35mBEGIN[0m
  ↳ lib/tasks/load_csv.rake:10:in `block (3 levels) in <top (required)>'
  [1m[36mRestaurant Create (0.6ms)[0m  [1m[32mINSERT INTO "restaurants" ("name", "address", "post_code", "number_of_chairs", "created_at", "updated_at") VALUES ($1, $2, $3, $4, $5, $6) RETURNING "id"[0m  [["name", "All Bar One"], ["address", "Unit D Electric Press, 4 Millenium Square"], ["post_code", "LS2 3AD"], ["number_of_chairs", 140], ["created_at", "2020-11-12 05:07:22.156679"], ["updated_at", "2020-11-12 05:07:22.156679"]]
  ↳ lib/tasks/load_csv.rake:10:in `block (3 levels) in <top (required)>'
  [1m[35m (0.4ms)[0m  [1m[35mCOMMIT[0m
  ↳ lib/tasks/load_csv.rake:10:in `block (3 levels) in <top (required)>'
  [1m[35m (0.1ms)[0m  [1m[35mBEGIN[0m
  ↳ lib/tasks/load_csv.rake:10:in `block (3 levels) in <top (required)>'
  [1m[36mRestaurant Create (2.0ms)[0m  [1m[32mINSERT INTO "restaurants" ("name", "address", "post_code", "number_of_chairs", "created_at", "updated_at") VALUES ($1, $2, $3, $4, $5, $6) RETURNING "id"[0m  [["name", "Bagel Nash"], ["address", "34 St. Pauls Street"], ["post_code", "LS1 2AT"], ["number_of_chairs", 14], ["created_at", "2020-11-12 05:07:22.161768"], ["updated_at", "2020-11-12 05:07:22.161768"]]
  ↳ lib/tasks/load_csv.rake:10:in `block (3 levels) in <top (required)>'
  [1m[35m (0.6ms)[0m  [1m[35mCOMMIT[0m
  ↳ lib/tasks/load_csv.rake:10:in `block (3 levels) in <top (required)>'
  [1m[35m (0.1ms)[0m  [1m[35mBEGIN[0m
  ↳ lib/tasks/load_csv.rake:10:in `block (3 levels) in <top (required)>'
  [1m[36mRestaurant Create (0.3ms)[0m  [1m[32mINSERT INTO "restaurants" ("name", "address", "post_code", "number_of_chairs", "created_at", "updated_at") VALUES ($1, $2, $3, $4, $5, $6) RETURNING "id"[0m  [["name", "Bagel Nash"], ["address", "18 Swan Street"], ["post_code", "LS1 6AZ"], ["number_of_chairs", 18], ["created_at", "2020-11-12 05:07:22.170000"], ["updated_at", "2020-11-12 05:07:22.170000"]]
  ↳ lib/tasks/load_csv.rake:10:in `block (3 levels) in <top (required)>'
  [1m[35m (0.4ms)[0m  [1m[35mCOMMIT[0m
  ↳ lib/tasks/load_csv.rake:10:in `block (3 levels) in <top (required)>'
  [1m[35m (0.1ms)[0m  [1m[35mBEGIN[0m
  ↳ lib/tasks/load_csv.rake:10:in `block (3 levels) in <top (required)>'
  [1m[36mRestaurant Create (1.0ms)[0m  [1m[32mINSERT INTO "restaurants" ("name", "address", "post_code", "number_of_chairs", "created_at", "updated_at") VALUES ($1, $2, $3, $4, $5, $6) RETURNING "id"[0m  [["name", "Barburrito"], ["address", "62 The Headrow"], ["post_code", "LS1 8EQ"], ["number_of_chairs", 8], ["created_at", "2020-11-12 05:07:22.176066"], ["updated_at", "2020-11-12 05:07:22.176066"]]
  ↳ lib/tasks/load_csv.rake:10:in `block (3 levels) in <top (required)>'
  [1m[35m (0.4ms)[0m  [1m[35mCOMMIT[0m
  ↳ lib/tasks/load_csv.rake:10:in `block (3 levels) in <top (required)>'
  [1m[35m (0.1ms)[0m  [1m[35mBEGIN[0m
  ↳ lib/tasks/load_csv.rake:10:in `block (3 levels) in <top (required)>'
  [1m[36mRestaurant Create (0.2ms)[0m  [1m[32mINSERT INTO "restaurants" ("name", "address", "post_code", "number_of_chairs", "created_at", "updated_at") VALUES ($1, $2, $3, $4, $5, $6) RETURNING "id"[0m  [["name", "Bella Italia"], ["address", "145 Briggate"], ["post_code", "LS1 6BR"], ["number_of_chairs", 32], ["created_at", "2020-11-12 05:07:22.182431"], ["updated_at", "2020-11-12 05:07:22.182431"]]
  ↳ lib/tasks/load_csv.rake:10:in `block (3 levels) in <top (required)>'
  [1m[35m (0.3ms)[0m  [1m[35mCOMMIT[0m
  ↳ lib/tasks/load_csv.rake:10:in `block (3 levels) in <top (required)>'
  [1m[35m (0.1ms)[0m  [1m[35mBEGIN[0m
  ↳ lib/tasks/load_csv.rake:10:in `block (3 levels) in <top (required)>'
  [1m[36mRestaurant Create (0.3ms)[0m  [1m[32mINSERT INTO "restaurants" ("name", "address", "post_code", "number_of_chairs", "created_at", "updated_at") VALUES ($1, $2, $3, $4, $5, $6) RETURNING "id"[0m  [["name", "Becketts Bank (Wetherspoons)"], ["address", "28 - 30 Park Row"], ["post_code", "LS1 5HU"], ["number_of_chairs", 6], ["created_at", "2020-11-12 05:07:22.187246"], ["updated_at", "2020-11-12 05:07:22.187246"]]
  ↳ lib/tasks/load_csv.rake:10:in `block (3 levels) in <top (required)>'
  [1m[35m (0.9ms)[0m  [1m[35mCOMMIT[0m
  ↳ lib/tasks/load_csv.rake:10:in `block (3 levels) in <top (required)>'
  [1m[35m (0.1ms)[0m  [1m[35mBEGIN[0m
  ↳ lib/tasks/load_csv.rake:10:in `block (3 levels) in <top (required)>'
  [1m[36mRestaurant Create (0.2ms)[0m  [1m[32mINSERT INTO "restaurants" ("name", "address", "post_code", "number_of_chairs", "created_at", "updated_at") VALUES ($1, $2, $3, $4, $5, $6) RETURNING "id"[0m  [["name", "Bean on the Run"], ["address", "Fish Street"], ["post_code", "LS1 6DB"], ["number_of_chairs", 20], ["created_at", "2020-11-12 05:07:22.193370"], ["updated_at", "2020-11-12 05:07:22.193370"]]
  ↳ lib/tasks/load_csv.rake:10:in `block (3 levels) in <top (required)>'
  [1m[35m (0.3ms)[0m  [1m[35mCOMMIT[0m
  ↳ lib/tasks/load_csv.rake:10:in `block (3 levels) in <top (required)>'
  [1m[35m (0.1ms)[0m  [1m[35mBEGIN[0m
  ↳ lib/tasks/load_csv.rake:10:in `block (3 levels) in <top (required)>'
  [1m[36mRestaurant Create (0.2ms)[0m  [1m[32mINSERT INTO "restaurants" ("name", "address", "post_code", "number_of_chairs", "created_at", "updated_at") VALUES ($1, $2, $3, $4, $5, $6) RETURNING "id"[0m  [["name", "BHS"], ["address", "49 Boar Lane"], ["post_code", "LS1 5EL"], ["number_of_chairs", 6], ["created_at", "2020-11-12 05:07:22.198013"], ["updated_at", "2020-11-12 05:07:22.198013"]]
  ↳ lib/tasks/load_csv.rake:10:in `block (3 levels) in <top (required)>'
  [1m[35m (0.4ms)[0m  [1m[35mCOMMIT[0m
  ↳ lib/tasks/load_csv.rake:10:in `block (3 levels) in <top (required)>'
  [1m[35m (0.1ms)[0m  [1m[35mBEGIN[0m
  ↳ lib/tasks/load_csv.rake:10:in `block (3 levels) in <top (required)>'
  [1m[36mRestaurant Create (1.1ms)[0m  [1m[32mINSERT INTO "restaurants" ("name", "address", "post_code", "number_of_chairs", "created_at", "updated_at") VALUES ($1, $2, $3, $4, $5, $6) RETURNING "id"[0m  [["name", "Black House Grill"], ["address", "31 - 33 East Parade"], ["post_code", "LS1 5PS"], ["number_of_chairs", 60], ["created_at", "2020-11-12 05:07:22.203791"], ["updated_at", "2020-11-12 05:07:22.203791"]]
  ↳ lib/tasks/load_csv.rake:10:in `block (3 levels) in <top (required)>'
  [1m[35m (0.4ms)[0m  [1m[35mCOMMIT[0m
  ↳ lib/tasks/load_csv.rake:10:in `block (3 levels) in <top (required)>'
  [1m[35m (0.1ms)[0m  [1m[35mBEGIN[0m
  ↳ lib/tasks/load_csv.rake:10:in `block (3 levels) in <top (required)>'
  [1m[36mRestaurant Create (0.2ms)[0m  [1m[32mINSERT INTO "restaurants" ("name", "address", "post_code", "number_of_chairs", "created_at", "updated_at") VALUES ($1, $2, $3, $4, $5, $6) RETURNING "id"[0m  [["name", "Blayds Bar "], ["address", "3-7 Blayds Yard"], ["post_code", "LS1 4AD"], ["number_of_chairs", 16], ["created_at", "2020-11-12 05:07:22.210216"], ["updated_at", "2020-11-12 05:07:22.210216"]]
  ↳ lib/tasks/load_csv.rake:10:in `block (3 levels) in <top (required)>'
  [1m[35m (0.4ms)[0m  [1m[35mCOMMIT[0m
  ↳ lib/tasks/load_csv.rake:10:in `block (3 levels) in <top (required)>'
  [1m[35m (0.1ms)[0m  [1m[35mBEGIN[0m
  ↳ lib/tasks/load_csv.rake:10:in `block (3 levels) in <top (required)>'
  [1m[36mRestaurant Create (0.3ms)[0m  [1m[32mINSERT INTO "restaurants" ("name", "address", "post_code", "number_of_chairs", "created_at", "updated_at") VALUES ($1, $2, $3, $4, $5, $6) RETURNING "id"[0m  [["name", "Browns"], ["address", "70 - 72 The Headrow, The Light"], ["post_code", "LS1 8EQ"], ["number_of_chairs", 20], ["created_at", "2020-11-12 05:07:22.223082"], ["updated_at", "2020-11-12 05:07:22.223082"]]
  ↳ lib/tasks/load_csv.rake:10:in `block (3 levels) in <top (required)>'
  [1m[35m (0.4ms)[0m  [1m[35mCOMMIT[0m
  ↳ lib/tasks/load_csv.rake:10:in `block (3 levels) in <top (required)>'
  [1m[35m (0.1ms)[0m  [1m[35mBEGIN[0m
  ↳ lib/tasks/load_csv.rake:10:in `block (3 levels) in <top (required)>'
  [1m[36mRestaurant Create (0.2ms)[0m  [1m[32mINSERT INTO "restaurants" ("name", "address", "post_code", "number_of_chairs", "created_at", "updated_at") VALUES ($1, $2, $3, $4, $5, $6) RETURNING "id"[0m  [["name", "Byron"], ["address", "9A Lands Lane"], ["post_code", "LS1 6AW"], ["number_of_chairs", 42], ["created_at", "2020-11-12 05:07:22.226168"], ["updated_at", "2020-11-12 05:07:22.226168"]]
  ↳ lib/tasks/load_csv.rake:10:in `block (3 levels) in <top (required)>'
  [1m[35m (0.3ms)[0m  [1m[35mCOMMIT[0m
  ↳ lib/tasks/load_csv.rake:10:in `block (3 levels) in <top (required)>'
  [1m[35m (0.1ms)[0m  [1m[35mBEGIN[0m
  ↳ lib/tasks/load_csv.rake:10:in `block (3 levels) in <top (required)>'
  [1m[36mRestaurant Create (0.2ms)[0m  [1m[32mINSERT INTO "restaurants" ("name", "address", "post_code", "number_of_chairs", "created_at", "updated_at") VALUES ($1, $2, $3, $4, $5, $6) RETURNING "id"[0m  [["name", "Caffé Nero (Albion Place side)"], ["address", "19 Albion Place"], ["post_code", "LS1 6JS"], ["number_of_chairs", 20], ["created_at", "2020-11-12 05:07:22.228992"], ["updated_at", "2020-11-12 05:07:22.228992"]]
  ↳ lib/tasks/load_csv.rake:10:in `block (3 levels) in <top (required)>'
  [1m[35m (0.4ms)[0m  [1m[35mCOMMIT[0m
  ↳ lib/tasks/load_csv.rake:10:in `block (3 levels) in <top (required)>'
  [1m[35m (0.1ms)[0m  [1m[35mBEGIN[0m
  ↳ lib/tasks/load_csv.rake:10:in `block (3 levels) in <top (required)>'
  [1m[36mRestaurant Create (0.2ms)[0m  [1m[32mINSERT INTO "restaurants" ("name", "address", "post_code", "number_of_chairs", "created_at", "updated_at") VALUES ($1, $2, $3, $4, $5, $6) RETURNING "id"[0m  [["name", "Caffe Nero (Albion Street side)"], ["address", "19 Albion Place"], ["post_code", "LS1 6JS"], ["number_of_chairs", 16], ["created_at", "2020-11-12 05:07:22.231831"], ["updated_at", "2020-11-12 05:07:22.231831"]]
  ↳ lib/tasks/load_csv.rake:10:in `block (3 levels) in <top (required)>'
  [1m[35m (0.3ms)[0m  [1m[35mCOMMIT[0m
  ↳ lib/tasks/load_csv.rake:10:in `block (3 levels) in <top (required)>'
  [1m[35m (0.1ms)[0m  [1m[35mBEGIN[0m
  ↳ lib/tasks/load_csv.rake:10:in `block (3 levels) in <top (required)>'
  [1m[36mRestaurant Create (0.2ms)[0m  [1m[32mINSERT INTO "restaurants" ("name", "address", "post_code", "number_of_chairs", "created_at", "updated_at") VALUES ($1, $2, $3, $4, $5, $6) RETURNING "id"[0m  [["name", "Caffe Nero (Bond Street side)"], ["address", "19 Albion Place"], ["post_code", "LS1 6JS"], ["number_of_chairs", 22], ["created_at", "2020-11-12 05:07:22.234542"], ["updated_at", "2020-11-12 05:07:22.234542"]]
  ↳ lib/tasks/load_csv.rake:10:in `block (3 levels) in <top (required)>'
  [1m[35m (0.3ms)[0m  [1m[35mCOMMIT[0m
  ↳ lib/tasks/load_csv.rake:10:in `block (3 levels) in <top (required)>'
  [1m[35m (0.1ms)[0m  [1m[35mBEGIN[0m
  ↳ lib/tasks/load_csv.rake:10:in `block (3 levels) in <top (required)>'
  [1m[36mRestaurant Create (0.2ms)[0m  [1m[32mINSERT INTO "restaurants" ("name", "address", "post_code", "number_of_chairs", "created_at", "updated_at") VALUES ($1, $2, $3, $4, $5, $6) RETURNING "id"[0m  [["name", "Carluccios"], ["address", "5 Greek Street"], ["post_code", "LS1 5SX"], ["number_of_chairs", 18], ["created_at", "2020-11-12 05:07:22.237277"], ["updated_at", "2020-11-12 05:07:22.237277"]]
  ↳ lib/tasks/load_csv.rake:10:in `block (3 levels) in <top (required)>'
  [1m[35m (0.4ms)[0m  [1m[35mCOMMIT[0m
  ↳ lib/tasks/load_csv.rake:10:in `block (3 levels) in <top (required)>'
  [1m[35m (0.1ms)[0m  [1m[35mBEGIN[0m
  ↳ lib/tasks/load_csv.rake:10:in `block (3 levels) in <top (required)>'
  [1m[36mRestaurant Create (0.2ms)[0m  [1m[32mINSERT INTO "restaurants" ("name", "address", "post_code", "number_of_chairs", "created_at", "updated_at") VALUES ($1, $2, $3, $4, $5, $6) RETURNING "id"[0m  [["name", "Cattle Grid"], ["address", "Waterloo House, Assembly Street"], ["post_code", "LS2 7DB"], ["number_of_chairs", 20], ["created_at", "2020-11-12 05:07:22.239796"], ["updated_at", "2020-11-12 05:07:22.239796"]]
  ↳ lib/tasks/load_csv.rake:10:in `block (3 levels) in <top (required)>'
  [1m[35m (0.3ms)[0m  [1m[35mCOMMIT[0m
  ↳ lib/tasks/load_csv.rake:10:in `block (3 levels) in <top (required)>'
  [1m[35m (0.1ms)[0m  [1m[35mBEGIN[0m
  ↳ lib/tasks/load_csv.rake:10:in `block (3 levels) in <top (required)>'
  [1m[36mRestaurant Create (0.2ms)[0m  [1m[32mINSERT INTO "restaurants" ("name", "address", "post_code", "number_of_chairs", "created_at", "updated_at") VALUES ($1, $2, $3, $4, $5, $6) RETURNING "id"[0m  [["name", "Chilli White"], ["address", "Assembly Street"], ["post_code", "LS2 7DA"], ["number_of_chairs", 51], ["created_at", "2020-11-12 05:07:22.242359"], ["updated_at", "2020-11-12 05:07:22.242359"]]
  ↳ lib/tasks/load_csv.rake:10:in `block (3 levels) in <top (required)>'
  [1m[35m (0.4ms)[0m  [1m[35mCOMMIT[0m
  ↳ lib/tasks/load_csv.rake:10:in `block (3 levels) in <top (required)>'
  [1m[35m (0.1ms)[0m  [1m[35mBEGIN[0m
  ↳ lib/tasks/load_csv.rake:10:in `block (3 levels) in <top (required)>'
  [1m[36mRestaurant Create (0.2ms)[0m  [1m[32mINSERT INTO "restaurants" ("name", "address", "post_code", "number_of_chairs", "created_at", "updated_at") VALUES ($1, $2, $3, $4, $5, $6) RETURNING "id"[0m  [["name", "Costa Coffee Albion Place"], ["address", "12A Assembly Street"], ["post_code", "LS1 6JF"], ["number_of_chairs", 28], ["created_at", "2020-11-12 05:07:22.245024"], ["updated_at", "2020-11-12 05:07:22.245024"]]
  ↳ lib/tasks/load_csv.rake:10:in `block (3 levels) in <top (required)>'
  [1m[35m (0.3ms)[0m  [1m[35mCOMMIT[0m
  ↳ lib/tasks/load_csv.rake:10:in `block (3 levels) in <top (required)>'
  [1m[35m (0.1ms)[0m  [1m[35mBEGIN[0m
  ↳ lib/tasks/load_csv.rake:10:in `block (3 levels) in <top (required)>'
  [1m[36mRestaurant Create (2.2ms)[0m  [1m[32mINSERT INTO "restaurants" ("name", "address", "post_code", "number_of_chairs", "created_at", "updated_at") VALUES ($1, $2, $3, $4, $5, $6) RETURNING "id"[0m  [["name", "Costa Coffee Bond Court"], ["address", "2 Bond Court"], ["post_code", "LS1 2JY"], ["number_of_chairs", 30], ["created_at", "2020-11-12 05:07:22.247703"], ["updated_at", "2020-11-12 05:07:22.247703"]]
  ↳ lib/tasks/load_csv.rake:10:in `block (3 levels) in <top (required)>'
  [1m[35m (0.4ms)[0m  [1m[35mCOMMIT[0m
  ↳ lib/tasks/load_csv.rake:10:in `block (3 levels) in <top (required)>'
  [1m[35m (0.1ms)[0m  [1m[35mBEGIN[0m
  ↳ lib/tasks/load_csv.rake:10:in `block (3 levels) in <top (required)>'
  [1m[36mRestaurant Create (0.2ms)[0m  [1m[32mINSERT INTO "restaurants" ("name", "address", "post_code", "number_of_chairs", "created_at", "updated_at") VALUES ($1, $2, $3, $4, $5, $6) RETURNING "id"[0m  [["name", "Costa Coffee Briggate"], ["address", "133 Briggate"], ["post_code", "LS1 6BR"], ["number_of_chairs", 16], ["created_at", "2020-11-12 05:07:22.252967"], ["updated_at", "2020-11-12 05:07:22.252967"]]
  ↳ lib/tasks/load_csv.rake:10:in `block (3 levels) in <top (required)>'
  [1m[35m (0.4ms)[0m  [1m[35mCOMMIT[0m
  ↳ lib/tasks/load_csv.rake:10:in `block (3 levels) in <top (required)>'
  [1m[35m (0.1ms)[0m  [1m[35mBEGIN[0m
  ↳ lib/tasks/load_csv.rake:10:in `block (3 levels) in <top (required)>'
  [1m[36mRestaurant Create (0.2ms)[0m  [1m[32mINSERT INTO "restaurants" ("name", "address", "post_code", "number_of_chairs", "created_at", "updated_at") VALUES ($1, $2, $3, $4, $5, $6) RETURNING "id"[0m  [["name", "Cuthbert Brodrick (Wetherspoons)"], ["address", "99 Portland Crescent"], ["post_code", "LS1 3HJ"], ["number_of_chairs", 66], ["created_at", "2020-11-12 05:07:22.256094"], ["updated_at", "2020-11-12 05:07:22.256094"]]
  ↳ lib/tasks/load_csv.rake:10:in `block (3 levels) in <top (required)>'
  [1m[35m (0.3ms)[0m  [1m[35mCOMMIT[0m
  ↳ lib/tasks/load_csv.rake:10:in `block (3 levels) in <top (required)>'
  [1m[35m (0.1ms)[0m  [1m[35mBEGIN[0m
  ↳ lib/tasks/load_csv.rake:10:in `block (3 levels) in <top (required)>'
  [1m[36mRestaurant Create (0.2ms)[0m  [1m[32mINSERT INTO "restaurants" ("name", "address", "post_code", "number_of_chairs", "created_at", "updated_at") VALUES ($1, $2, $3, $4, $5, $6) RETURNING "id"[0m  [["name", "Gourmet Burger Kitchen"], ["address", "Minerva House, 29 East Parade"], ["post_code", "LS1 5PS"], ["number_of_chairs", 20], ["created_at", "2020-11-12 05:07:22.258739"], ["updated_at", "2020-11-12 05:07:22.258739"]]
  ↳ lib/tasks/load_csv.rake:10:in `block (3 levels) in <top (required)>'
  [1m[35m (0.3ms)[0m  [1m[35mCOMMIT[0m
  ↳ lib/tasks/load_csv.rake:10:in `block (3 levels) in <top (required)>'
  [1m[35m (0.1ms)[0m  [1m[35mBEGIN[0m
  ↳ lib/tasks/load_csv.rake:10:in `block (3 levels) in <top (required)>'
  [1m[36mRestaurant Create (0.2ms)[0m  [1m[32mINSERT INTO "restaurants" ("name", "address", "post_code", "number_of_chairs", "created_at", "updated_at") VALUES ($1, $2, $3, $4, $5, $6) RETURNING "id"[0m  [["name", "Greggs, Briggate"], ["address", "Unit, 7 Central Arcade"], ["post_code", "LS1 6DX"], ["number_of_chairs", 4], ["created_at", "2020-11-12 05:07:22.261444"], ["updated_at", "2020-11-12 05:07:22.261444"]]
  ↳ lib/tasks/load_csv.rake:10:in `block (3 levels) in <top (required)>'
  [1m[35m (0.3ms)[0m  [1m[35mCOMMIT[0m
  ↳ lib/tasks/load_csv.rake:10:in `block (3 levels) in <top (required)>'
  [1m[35m (0.1ms)[0m  [1m[35mBEGIN[0m
  ↳ lib/tasks/load_csv.rake:10:in `block (3 levels) in <top (required)>'
  [1m[36mRestaurant Create (0.2ms)[0m  [1m[32mINSERT INTO "restaurants" ("name", "address", "post_code", "number_of_chairs", "created_at", "updated_at") VALUES ($1, $2, $3, $4, $5, $6) RETURNING "id"[0m  [["name", "Heaven"], ["address", "Lands Lane"], ["post_code", "LS1 6LB"], ["number_of_chairs", 16], ["created_at", "2020-11-12 05:07:22.264118"], ["updated_at", "2020-11-12 05:07:22.264118"]]
  ↳ lib/tasks/load_csv.rake:10:in `block (3 levels) in <top (required)>'
  [1m[35m (0.4ms)[0m  [1m[35mCOMMIT[0m
  ↳ lib/tasks/load_csv.rake:10:in `block (3 levels) in <top (required)>'
  [1m[35m (0.1ms)[0m  [1m[35mBEGIN[0m
  ↳ lib/tasks/load_csv.rake:10:in `block (3 levels) in <top (required)>'
  [1m[36mRestaurant Create (0.2ms)[0m  [1m[32mINSERT INTO "restaurants" ("name", "address", "post_code", "number_of_chairs", "created_at", "updated_at") VALUES ($1, $2, $3, $4, $5, $6) RETURNING "id"[0m  [["name", "Hotel Chocolat"], ["address", "55 Boar Lane"], ["post_code", "LS1 5EL"], ["number_of_chairs", 12], ["created_at", "2020-11-12 05:07:22.266871"], ["updated_at", "2020-11-12 05:07:22.266871"]]
  ↳ lib/tasks/load_csv.rake:10:in `block (3 levels) in <top (required)>'
  [1m[35m (0.3ms)[0m  [1m[35mCOMMIT[0m
  ↳ lib/tasks/load_csv.rake:10:in `block (3 levels) in <top (required)>'
  [1m[35m (0.1ms)[0m  [1m[35mBEGIN[0m
  ↳ lib/tasks/load_csv.rake:10:in `block (3 levels) in <top (required)>'
  [1m[36mRestaurant Create (0.2ms)[0m  [1m[32mINSERT INTO "restaurants" ("name", "address", "post_code", "number_of_chairs", "created_at", "updated_at") VALUES ($1, $2, $3, $4, $5, $6) RETURNING "id"[0m  [["name", "Hourglass"], ["address", "157 - 158 Lower Briggate"], ["post_code", "LS1 6BG"], ["number_of_chairs", 10], ["created_at", "2020-11-12 05:07:22.269375"], ["updated_at", "2020-11-12 05:07:22.269375"]]
  ↳ lib/tasks/load_csv.rake:10:in `block (3 levels) in <top (required)>'
  [1m[35m (0.3ms)[0m  [1m[35mCOMMIT[0m
  ↳ lib/tasks/load_csv.rake:10:in `block (3 levels) in <top (required)>'
  [1m[35m (0.1ms)[0m  [1m[35mBEGIN[0m
  ↳ lib/tasks/load_csv.rake:10:in `block (3 levels) in <top (required)>'
  [1m[36mRestaurant Create (0.2ms)[0m  [1m[32mINSERT INTO "restaurants" ("name", "address", "post_code", "number_of_chairs", "created_at", "updated_at") VALUES ($1, $2, $3, $4, $5, $6) RETURNING "id"[0m  [["name", "Jamie's Italian"], ["address", "35 Park Row"], ["post_code", "LS1 5JL"], ["number_of_chairs", 32], ["created_at", "2020-11-12 05:07:22.271953"], ["updated_at", "2020-11-12 05:07:22.271953"]]
  ↳ lib/tasks/load_csv.rake:10:in `block (3 levels) in <top (required)>'
  [1m[35m (0.3ms)[0m  [1m[35mCOMMIT[0m
  ↳ lib/tasks/load_csv.rake:10:in `block (3 levels) in <top (required)>'
  [1m[35m (0.1ms)[0m  [1m[35mBEGIN[0m
  ↳ lib/tasks/load_csv.rake:10:in `block (3 levels) in <top (required)>'
  [1m[36mRestaurant Create (0.2ms)[0m  [1m[32mINSERT INTO "restaurants" ("name", "address", "post_code", "number_of_chairs", "created_at", "updated_at") VALUES ($1, $2, $3, $4, $5, $6) RETURNING "id"[0m  [["name", "La Bottega Milanese (Bond Court)"], ["address", "2 Bond Court"], ["post_code", "LS1 2JZ"], ["number_of_chairs", 16], ["created_at", "2020-11-12 05:07:22.274542"], ["updated_at", "2020-11-12 05:07:22.274542"]]
  ↳ lib/tasks/load_csv.rake:10:in `block (3 levels) in <top (required)>'
  [1m[35m (0.3ms)[0m  [1m[35mCOMMIT[0m
  ↳ lib/tasks/load_csv.rake:10:in `block (3 levels) in <top (required)>'
  [1m[35m (0.1ms)[0m  [1m[35mBEGIN[0m
  ↳ lib/tasks/load_csv.rake:10:in `block (3 levels) in <top (required)>'
  [1m[36mRestaurant Create (0.2ms)[0m  [1m[32mINSERT INTO "restaurants" ("name", "address", "post_code", "number_of_chairs", "created_at", "updated_at") VALUES ($1, $2, $3, $4, $5, $6) RETURNING "id"[0m  [["name", "La Strega"], ["address", "6 Fish Street"], ["post_code", "LS1 6DB"], ["number_of_chairs", 12], ["created_at", "2020-11-12 05:07:22.277178"], ["updated_at", "2020-11-12 05:07:22.277178"]]
  ↳ lib/tasks/load_csv.rake:10:in `block (3 levels) in <top (required)>'
  [1m[35m (0.3ms)[0m  [1m[35mCOMMIT[0m
  ↳ lib/tasks/load_csv.rake:10:in `block (3 levels) in <top (required)>'
  [1m[35m (0.1ms)[0m  [1m[35mBEGIN[0m
  ↳ lib/tasks/load_csv.rake:10:in `block (3 levels) in <top (required)>'
  [1m[36mRestaurant Create (0.3ms)[0m  [1m[32mINSERT INTO "restaurants" ("name", "address", "post_code", "number_of_chairs", "created_at", "updated_at") VALUES ($1, $2, $3, $4, $5, $6) RETURNING "id"[0m  [["name", "Las Iguanas"], ["address", "3 Cloth Hall St"], ["post_code", "LS1 2HD"], ["number_of_chairs", 4], ["created_at", "2020-11-12 05:07:22.279828"], ["updated_at", "2020-11-12 05:07:22.279828"]]
  ↳ lib/tasks/load_csv.rake:10:in `block (3 levels) in <top (required)>'
  [1m[35m (0.4ms)[0m  [1m[35mCOMMIT[0m
  ↳ lib/tasks/load_csv.rake:10:in `block (3 levels) in <top (required)>'
  [1m[35m (0.1ms)[0m  [1m[35mBEGIN[0m
  ↳ lib/tasks/load_csv.rake:10:in `block (3 levels) in <top (required)>'
  [1m[36mRestaurant Create (0.2ms)[0m  [1m[32mINSERT INTO "restaurants" ("name", "address", "post_code", "number_of_chairs", "created_at", "updated_at") VALUES ($1, $2, $3, $4, $5, $6) RETURNING "id"[0m  [["name", "Leeds Tapped"], ["address", "51 Boar Ln"], ["post_code", "LS1 5EL"], ["number_of_chairs", 10], ["created_at", "2020-11-12 05:07:22.282841"], ["updated_at", "2020-11-12 05:07:22.282841"]]
  ↳ lib/tasks/load_csv.rake:10:in `block (3 levels) in <top (required)>'
  [1m[35m (0.3ms)[0m  [1m[35mCOMMIT[0m
  ↳ lib/tasks/load_csv.rake:10:in `block (3 levels) in <top (required)>'
  [1m[35m (0.1ms)[0m  [1m[35mBEGIN[0m
  ↳ lib/tasks/load_csv.rake:10:in `block (3 levels) in <top (required)>'
  [1m[36mRestaurant Create (0.2ms)[0m  [1m[32mINSERT INTO "restaurants" ("name", "address", "post_code", "number_of_chairs", "created_at", "updated_at") VALUES ($1, $2, $3, $4, $5, $6) RETURNING "id"[0m  [["name", "Little Tokyo"], ["address", "24 Central Rd"], ["post_code", "LS1 6DE"], ["number_of_chairs", 24], ["created_at", "2020-11-12 05:07:22.285443"], ["updated_at", "2020-11-12 05:07:22.285443"]]
  ↳ lib/tasks/load_csv.rake:10:in `block (3 levels) in <top (required)>'
  [1m[35m (0.4ms)[0m  [1m[35mCOMMIT[0m
  ↳ lib/tasks/load_csv.rake:10:in `block (3 levels) in <top (required)>'
  [1m[35m (0.1ms)[0m  [1m[35mBEGIN[0m
  ↳ lib/tasks/load_csv.rake:10:in `block (3 levels) in <top (required)>'
  [1m[36mRestaurant Create (0.2ms)[0m  [1m[32mINSERT INTO "restaurants" ("name", "address", "post_code", "number_of_chairs", "created_at", "updated_at") VALUES ($1, $2, $3, $4, $5, $6) RETURNING "id"[0m  [["name", "Loch Fyne Restaurant"], ["address", "The Old Post Office, 2 City Square"], ["post_code", "LS1 2ES"], ["number_of_chairs", 72], ["created_at", "2020-11-12 05:07:22.288189"], ["updated_at", "2020-11-12 05:07:22.288189"]]
  ↳ lib/tasks/load_csv.rake:10:in `block (3 levels) in <top (required)>'
  [1m[35m (0.3ms)[0m  [1m[35mCOMMIT[0m
  ↳ lib/tasks/load_csv.rake:10:in `block (3 levels) in <top (required)>'
  [1m[35m (0.1ms)[0m  [1m[35mBEGIN[0m
  ↳ lib/tasks/load_csv.rake:10:in `block (3 levels) in <top (required)>'
  [1m[36mRestaurant Create (0.2ms)[0m  [1m[32mINSERT INTO "restaurants" ("name", "address", "post_code", "number_of_chairs", "created_at", "updated_at") VALUES ($1, $2, $3, $4, $5, $6) RETURNING "id"[0m  [["name", "Miller & Carter "], ["address", "56 - 58 The Headrow"], ["post_code", "LS1 8TL"], ["number_of_chairs", 12], ["created_at", "2020-11-12 05:07:22.290823"], ["updated_at", "2020-11-12 05:07:22.290823"]]
  ↳ lib/tasks/load_csv.rake:10:in `block (3 levels) in <top (required)>'
  [1m[35m (0.3ms)[0m  [1m[35mCOMMIT[0m
  ↳ lib/tasks/load_csv.rake:10:in `block (3 levels) in <top (required)>'
  [1m[35m (0.1ms)[0m  [1m[35mBEGIN[0m
  ↳ lib/tasks/load_csv.rake:10:in `block (3 levels) in <top (required)>'
  [1m[36mRestaurant Create (0.2ms)[0m  [1m[32mINSERT INTO "restaurants" ("name", "address", "post_code", "number_of_chairs", "created_at", "updated_at") VALUES ($1, $2, $3, $4, $5, $6) RETURNING "id"[0m  [["name", "Mojo"], ["address", "18 Merrion Street"], ["post_code", "LS1 6PQ"], ["number_of_chairs", 21], ["created_at", "2020-11-12 05:07:22.293433"], ["updated_at", "2020-11-12 05:07:22.293433"]]
  ↳ lib/tasks/load_csv.rake:10:in `block (3 levels) in <top (required)>'
  [1m[35m (0.3ms)[0m  [1m[35mCOMMIT[0m
  ↳ lib/tasks/load_csv.rake:10:in `block (3 levels) in <top (required)>'
  [1m[35m (0.1ms)[0m  [1m[35mBEGIN[0m
  ↳ lib/tasks/load_csv.rake:10:in `block (3 levels) in <top (required)>'
  [1m[36mRestaurant Create (0.2ms)[0m  [1m[32mINSERT INTO "restaurants" ("name", "address", "post_code", "number_of_chairs", "created_at", "updated_at") VALUES ($1, $2, $3, $4, $5, $6) RETURNING "id"[0m  [["name", "Mook"], ["address", "3 - 5 Hirst's Yard"], ["post_code", "LS1 6NJ"], ["number_of_chairs", 15], ["created_at", "2020-11-12 05:07:22.295919"], ["updated_at", "2020-11-12 05:07:22.295919"]]
  ↳ lib/tasks/load_csv.rake:10:in `block (3 levels) in <top (required)>'
  [1m[35m (0.4ms)[0m  [1m[35mCOMMIT[0m
  ↳ lib/tasks/load_csv.rake:10:in `block (3 levels) in <top (required)>'
  [1m[35m (0.1ms)[0m  [1m[35mBEGIN[0m
  ↳ lib/tasks/load_csv.rake:10:in `block (3 levels) in <top (required)>'
  [1m[36mRestaurant Create (0.2ms)[0m  [1m[32mINSERT INTO "restaurants" ("name", "address", "post_code", "number_of_chairs", "created_at", "updated_at") VALUES ($1, $2, $3, $4, $5, $6) RETURNING "id"[0m  [["name", "Mrs Atha's "], ["address", "Central Road"], ["post_code", "LS1 6DE"], ["number_of_chairs", 12], ["created_at", "2020-11-12 05:07:22.298576"], ["updated_at", "2020-11-12 05:07:22.298576"]]
  ↳ lib/tasks/load_csv.rake:10:in `block (3 levels) in <top (required)>'
  [1m[35m (0.3ms)[0m  [1m[35mCOMMIT[0m
  ↳ lib/tasks/load_csv.rake:10:in `block (3 levels) in <top (required)>'
  [1m[35m (0.1ms)[0m  [1m[35mBEGIN[0m
  ↳ lib/tasks/load_csv.rake:10:in `block (3 levels) in <top (required)>'
  [1m[36mRestaurant Create (0.2ms)[0m  [1m[32mINSERT INTO "restaurants" ("name", "address", "post_code", "number_of_chairs", "created_at", "updated_at") VALUES ($1, $2, $3, $4, $5, $6) RETURNING "id"[0m  [["name", "Norman Bar"], ["address", "36 Call Lane"], ["post_code", "LS1 6DT"], ["number_of_chairs", 24], ["created_at", "2020-11-12 05:07:22.301018"], ["updated_at", "2020-11-12 05:07:22.301018"]]
  ↳ lib/tasks/load_csv.rake:10:in `block (3 levels) in <top (required)>'
  [1m[35m (0.4ms)[0m  [1m[35mCOMMIT[0m
  ↳ lib/tasks/load_csv.rake:10:in `block (3 levels) in <top (required)>'
  [1m[35m (0.1ms)[0m  [1m[35mBEGIN[0m
  ↳ lib/tasks/load_csv.rake:10:in `block (3 levels) in <top (required)>'
  [1m[36mRestaurant Create (0.2ms)[0m  [1m[32mINSERT INTO "restaurants" ("name", "address", "post_code", "number_of_chairs", "created_at", "updated_at") VALUES ($1, $2, $3, $4, $5, $6) RETURNING "id"[0m  [["name", "Pasta Romagna"], ["address", "26 Albion Place"], ["post_code", "LS1 6JS"], ["number_of_chairs", 48], ["created_at", "2020-11-12 05:07:22.303775"], ["updated_at", "2020-11-12 05:07:22.303775"]]
  ↳ lib/tasks/load_csv.rake:10:in `block (3 levels) in <top (required)>'
  [1m[35m (0.3ms)[0m  [1m[35mCOMMIT[0m
  ↳ lib/tasks/load_csv.rake:10:in `block (3 levels) in <top (required)>'
  [1m[35m (0.1ms)[0m  [1m[35mBEGIN[0m
  ↳ lib/tasks/load_csv.rake:10:in `block (3 levels) in <top (required)>'
  [1m[36mRestaurant Create (0.2ms)[0m  [1m[32mINSERT INTO "restaurants" ("name", "address", "post_code", "number_of_chairs", "created_at", "updated_at") VALUES ($1, $2, $3, $4, $5, $6) RETURNING "id"[0m  [["name", "Patisserie Valerie"], ["address", "50A Albion Street"], ["post_code", "LS1 6AD"], ["number_of_chairs", 8], ["created_at", "2020-11-12 05:07:22.306289"], ["updated_at", "2020-11-12 05:07:22.306289"]]
  ↳ lib/tasks/load_csv.rake:10:in `block (3 levels) in <top (required)>'
  [1m[35m (0.3ms)[0m  [1m[35mCOMMIT[0m
  ↳ lib/tasks/load_csv.rake:10:in `block (3 levels) in <top (required)>'
  [1m[35m (0.1ms)[0m  [1m[35mBEGIN[0m
  ↳ lib/tasks/load_csv.rake:10:in `block (3 levels) in <top (required)>'
  [1m[36mRestaurant Create (0.2ms)[0m  [1m[32mINSERT INTO "restaurants" ("name", "address", "post_code", "number_of_chairs", "created_at", "updated_at") VALUES ($1, $2, $3, $4, $5, $6) RETURNING "id"[0m  [["name", "Peachy Keens"], ["address", "Electric Press Building"], ["post_code", "LS2 3AD"], ["number_of_chairs", 96], ["created_at", "2020-11-12 05:07:22.308737"], ["updated_at", "2020-11-12 05:07:22.308737"]]
  ↳ lib/tasks/load_csv.rake:10:in `block (3 levels) in <top (required)>'
  [1m[35m (0.3ms)[0m  [1m[35mCOMMIT[0m
  ↳ lib/tasks/load_csv.rake:10:in `block (3 levels) in <top (required)>'
  [1m[35m (0.1ms)[0m  [1m[35mBEGIN[0m
  ↳ lib/tasks/load_csv.rake:10:in `block (3 levels) in <top (required)>'
  [1m[36mRestaurant Create (0.2ms)[0m  [1m[32mINSERT INTO "restaurants" ("name", "address", "post_code", "number_of_chairs", "created_at", "updated_at") VALUES ($1, $2, $3, $4, $5, $6) RETURNING "id"[0m  [["name", "Piccolino"], ["address", "11 - 12 Park Row"], ["post_code", "LS1 5HD"], ["number_of_chairs", 16], ["created_at", "2020-11-12 05:07:22.311241"], ["updated_at", "2020-11-12 05:07:22.311241"]]
  ↳ lib/tasks/load_csv.rake:10:in `block (3 levels) in <top (required)>'
  [1m[35m (0.3ms)[0m  [1m[35mCOMMIT[0m
  ↳ lib/tasks/load_csv.rake:10:in `block (3 levels) in <top (required)>'
  [1m[35m (0.1ms)[0m  [1m[35mBEGIN[0m
  ↳ lib/tasks/load_csv.rake:10:in `block (3 levels) in <top (required)>'
  [1m[36mRestaurant Create (0.2ms)[0m  [1m[32mINSERT INTO "restaurants" ("name", "address", "post_code", "number_of_chairs", "created_at", "updated_at") VALUES ($1, $2, $3, $4, $5, $6) RETURNING "id"[0m  [["name", "Pizza Express"], ["address", "4 Albion Place"], ["post_code", "LS1 6JL"], ["number_of_chairs", 24], ["created_at", "2020-11-12 05:07:22.313890"], ["updated_at", "2020-11-12 05:07:22.313890"]]
  ↳ lib/tasks/load_csv.rake:10:in `block (3 levels) in <top (required)>'
  [1m[35m (0.3ms)[0m  [1m[35mCOMMIT[0m
  ↳ lib/tasks/load_csv.rake:10:in `block (3 levels) in <top (required)>'
  [1m[35m (0.1ms)[0m  [1m[35mBEGIN[0m
  ↳ lib/tasks/load_csv.rake:10:in `block (3 levels) in <top (required)>'
  [1m[36mRestaurant Create (0.2ms)[0m  [1m[32mINSERT INTO "restaurants" ("name", "address", "post_code", "number_of_chairs", "created_at", "updated_at") VALUES ($1, $2, $3, $4, $5, $6) RETURNING "id"[0m  [["name", "Pret a Manger, Bond St"], ["address", "32 Bond St"], ["post_code", "LS1 5BQ"], ["number_of_chairs", 12], ["created_at", "2020-11-12 05:07:22.316471"], ["updated_at", "2020-11-12 05:07:22.316471"]]
  ↳ lib/tasks/load_csv.rake:10:in `block (3 levels) in <top (required)>'
  [1m[35m (0.3ms)[0m  [1m[35mCOMMIT[0m
  ↳ lib/tasks/load_csv.rake:10:in `block (3 levels) in <top (required)>'
  [1m[35m (0.1ms)[0m  [1m[35mBEGIN[0m
  ↳ lib/tasks/load_csv.rake:10:in `block (3 levels) in <top (required)>'
  [1m[36mRestaurant Create (0.2ms)[0m  [1m[32mINSERT INTO "restaurants" ("name", "address", "post_code", "number_of_chairs", "created_at", "updated_at") VALUES ($1, $2, $3, $4, $5, $6) RETURNING "id"[0m  [["name", "Pret a Manger, Lands Lane"], ["address", "6 Lands Lane"], ["post_code", "LS1 6AW"], ["number_of_chairs", 44], ["created_at", "2020-11-12 05:07:22.318965"], ["updated_at", "2020-11-12 05:07:22.318965"]]
  ↳ lib/tasks/load_csv.rake:10:in `block (3 levels) in <top (required)>'
  [1m[35m (0.3ms)[0m  [1m[35mCOMMIT[0m
  ↳ lib/tasks/load_csv.rake:10:in `block (3 levels) in <top (required)>'
  [1m[35m (0.1ms)[0m  [1m[35mBEGIN[0m
  ↳ lib/tasks/load_csv.rake:10:in `block (3 levels) in <top (required)>'
  [1m[36mRestaurant Create (0.2ms)[0m  [1m[32mINSERT INTO "restaurants" ("name", "address", "post_code", "number_of_chairs", "created_at", "updated_at") VALUES ($1, $2, $3, $4, $5, $6) RETURNING "id"[0m  [["name", "Primo's Gourmet Hot Dogs"], ["address", "Unit 12 A/B, The Concourse Corn Exchange"], ["post_code", "LS1 7BR"], ["number_of_chairs", 16], ["created_at", "2020-11-12 05:07:22.322040"], ["updated_at", "2020-11-12 05:07:22.322040"]]
  ↳ lib/tasks/load_csv.rake:10:in `block (3 levels) in <top (required)>'
  [1m[35m (0.3ms)[0m  [1m[35mCOMMIT[0m
  ↳ lib/tasks/load_csv.rake:10:in `block (3 levels) in <top (required)>'
  [1m[35m (0.1ms)[0m  [1m[35mBEGIN[0m
  ↳ lib/tasks/load_csv.rake:10:in `block (3 levels) in <top (required)>'
  [1m[36mRestaurant Create (0.2ms)[0m  [1m[32mINSERT INTO "restaurants" ("name", "address", "post_code", "number_of_chairs", "created_at", "updated_at") VALUES ($1, $2, $3, $4, $5, $6) RETURNING "id"[0m  [["name", "Prohibition"], ["address", "Regents Court, 39A Harrogate Road"], ["post_code", "LS7 3PD"], ["number_of_chairs", 32], ["created_at", "2020-11-12 05:07:22.324924"], ["updated_at", "2020-11-12 05:07:22.324924"]]
  ↳ lib/tasks/load_csv.rake:10:in `block (3 levels) in <top (required)>'
  [1m[35m (0.3ms)[0m  [1m[35mCOMMIT[0m
  ↳ lib/tasks/load_csv.rake:10:in `block (3 levels) in <top (required)>'
  [1m[35m (0.1ms)[0m  [1m[35mBEGIN[0m
  ↳ lib/tasks/load_csv.rake:10:in `block (3 levels) in <top (required)>'
  [1m[36mRestaurant Create (0.2ms)[0m  [1m[32mINSERT INTO "restaurants" ("name", "address", "post_code", "number_of_chairs", "created_at", "updated_at") VALUES ($1, $2, $3, $4, $5, $6) RETURNING "id"[0m  [["name", "Radisson Hotel"], ["address", "1 The Light, The Headrow"], ["post_code", "LS1 8TL"], ["number_of_chairs", 30], ["created_at", "2020-11-12 05:07:22.327503"], ["updated_at", "2020-11-12 05:07:22.327503"]]
  ↳ lib/tasks/load_csv.rake:10:in `block (3 levels) in <top (required)>'
  [1m[35m (0.3ms)[0m  [1m[35mCOMMIT[0m
  ↳ lib/tasks/load_csv.rake:10:in `block (3 levels) in <top (required)>'
  [1m[35m (0.1ms)[0m  [1m[35mBEGIN[0m
  ↳ lib/tasks/load_csv.rake:10:in `block (3 levels) in <top (required)>'
  [1m[36mRestaurant Create (0.2ms)[0m  [1m[32mINSERT INTO "restaurants" ("name", "address", "post_code", "number_of_chairs", "created_at", "updated_at") VALUES ($1, $2, $3, $4, $5, $6) RETURNING "id"[0m  [["name", "Reds Barbecue"], ["address", "1 Cloth Hall Street"], ["post_code", "LS1 2HD"], ["number_of_chairs", 40], ["created_at", "2020-11-12 05:07:22.330035"], ["updated_at", "2020-11-12 05:07:22.330035"]]
  ↳ lib/tasks/load_csv.rake:10:in `block (3 levels) in <top (required)>'
  [1m[35m (0.3ms)[0m  [1m[35mCOMMIT[0m
  ↳ lib/tasks/load_csv.rake:10:in `block (3 levels) in <top (required)>'
  [1m[35m (0.1ms)[0m  [1m[35mBEGIN[0m
  ↳ lib/tasks/load_csv.rake:10:in `block (3 levels) in <top (required)>'
  [1m[36mRestaurant Create (0.2ms)[0m  [1m[32mINSERT INTO "restaurants" ("name", "address", "post_code", "number_of_chairs", "created_at", "updated_at") VALUES ($1, $2, $3, $4, $5, $6) RETURNING "id"[0m  [["name", "Reform"], ["address", "12 - 14 Merrion Street"], ["post_code", "LS1 6PQ"], ["number_of_chairs", 24], ["created_at", "2020-11-12 05:07:22.332614"], ["updated_at", "2020-11-12 05:07:22.332614"]]
  ↳ lib/tasks/load_csv.rake:10:in `block (3 levels) in <top (required)>'
  [1m[35m (0.3ms)[0m  [1m[35mCOMMIT[0m
  ↳ lib/tasks/load_csv.rake:10:in `block (3 levels) in <top (required)>'
  [1m[35m (0.1ms)[0m  [1m[35mBEGIN[0m
  ↳ lib/tasks/load_csv.rake:10:in `block (3 levels) in <top (required)>'
  [1m[36mRestaurant Create (0.2ms)[0m  [1m[32mINSERT INTO "restaurants" ("name", "address", "post_code", "number_of_chairs", "created_at", "updated_at") VALUES ($1, $2, $3, $4, $5, $6) RETURNING "id"[0m  [["name", "Restaurant Bar and Grill"], ["address", "The Old Post Office, 3 City Square "], ["post_code", "LS1 2AN"], ["number_of_chairs", 152], ["created_at", "2020-11-12 05:07:22.335142"], ["updated_at", "2020-11-12 05:07:22.335142"]]
  ↳ lib/tasks/load_csv.rake:10:in `block (3 levels) in <top (required)>'
  [1m[35m (0.4ms)[0m  [1m[35mCOMMIT[0m
  ↳ lib/tasks/load_csv.rake:10:in `block (3 levels) in <top (required)>'
  [1m[35m (0.1ms)[0m  [1m[35mBEGIN[0m
  ↳ lib/tasks/load_csv.rake:10:in `block (3 levels) in <top (required)>'
  [1m[36mRestaurant Create (0.2ms)[0m  [1m[32mINSERT INTO "restaurants" ("name", "address", "post_code", "number_of_chairs", "created_at", "updated_at") VALUES ($1, $2, $3, $4, $5, $6) RETURNING "id"[0m  [["name", "Revolution"], ["address", "41 Cookridge Street"], ["post_code", "LS2 3AW"], ["number_of_chairs", 84], ["created_at", "2020-11-12 05:07:22.337702"], ["updated_at", "2020-11-12 05:07:22.337702"]]
  ↳ lib/tasks/load_csv.rake:10:in `block (3 levels) in <top (required)>'
  [1m[35m (0.3ms)[0m  [1m[35mCOMMIT[0m
  ↳ lib/tasks/load_csv.rake:10:in `block (3 levels) in <top (required)>'
  [1m[35m (0.1ms)[0m  [1m[35mBEGIN[0m
  ↳ lib/tasks/load_csv.rake:10:in `block (3 levels) in <top (required)>'
  [1m[36mRestaurant Create (0.2ms)[0m  [1m[32mINSERT INTO "restaurants" ("name", "address", "post_code", "number_of_chairs", "created_at", "updated_at") VALUES ($1, $2, $3, $4, $5, $6) RETURNING "id"[0m  [["name", "Safran"], ["address", "81 Kirkgate"], ["post_code", "LS2 7DJ"], ["number_of_chairs", 6], ["created_at", "2020-11-12 05:07:22.340300"], ["updated_at", "2020-11-12 05:07:22.340300"]]
  ↳ lib/tasks/load_csv.rake:10:in `block (3 levels) in <top (required)>'
  [1m[35m (0.4ms)[0m  [1m[35mCOMMIT[0m
  ↳ lib/tasks/load_csv.rake:10:in `block (3 levels) in <top (required)>'
  [1m[35m (0.1ms)[0m  [1m[35mBEGIN[0m
  ↳ lib/tasks/load_csv.rake:10:in `block (3 levels) in <top (required)>'
  [1m[36mRestaurant Create (0.2ms)[0m  [1m[32mINSERT INTO "restaurants" ("name", "address", "post_code", "number_of_chairs", "created_at", "updated_at") VALUES ($1, $2, $3, $4, $5, $6) RETURNING "id"[0m  [["name", "San Co Co"], ["address", "12 New Briggate"], ["post_code", "LS1 6NU"], ["number_of_chairs", 6], ["created_at", "2020-11-12 05:07:22.342879"], ["updated_at", "2020-11-12 05:07:22.342879"]]
  ↳ lib/tasks/load_csv.rake:10:in `block (3 levels) in <top (required)>'
  [1m[35m (0.3ms)[0m  [1m[35mCOMMIT[0m
  ↳ lib/tasks/load_csv.rake:10:in `block (3 levels) in <top (required)>'
  [1m[35m (0.1ms)[0m  [1m[35mBEGIN[0m
  ↳ lib/tasks/load_csv.rake:10:in `block (3 levels) in <top (required)>'
  [1m[36mRestaurant Create (0.2ms)[0m  [1m[32mINSERT INTO "restaurants" ("name", "address", "post_code", "number_of_chairs", "created_at", "updated_at") VALUES ($1, $2, $3, $4, $5, $6) RETURNING "id"[0m  [["name", "Sandinista"], ["address", "5 Cross Belgrave Street"], ["post_code", "LS2 8JP"], ["number_of_chairs", 18], ["created_at", "2020-11-12 05:07:22.345732"], ["updated_at", "2020-11-12 05:07:22.345732"]]
  ↳ lib/tasks/load_csv.rake:10:in `block (3 levels) in <top (required)>'
  [1m[35m (0.4ms)[0m  [1m[35mCOMMIT[0m
  ↳ lib/tasks/load_csv.rake:10:in `block (3 levels) in <top (required)>'
  [1m[35m (0.1ms)[0m  [1m[35mBEGIN[0m
  ↳ lib/tasks/load_csv.rake:10:in `block (3 levels) in <top (required)>'
  [1m[36mRestaurant Create (0.2ms)[0m  [1m[32mINSERT INTO "restaurants" ("name", "address", "post_code", "number_of_chairs", "created_at", "updated_at") VALUES ($1, $2, $3, $4, $5, $6) RETURNING "id"[0m  [["name", "Scarbrough Hotel"], ["address", "Bishopgate Street"], ["post_code", "LS1 5DY"], ["number_of_chairs", 24], ["created_at", "2020-11-12 05:07:22.348577"], ["updated_at", "2020-11-12 05:07:22.348577"]]
  ↳ lib/tasks/load_csv.rake:10:in `block (3 levels) in <top (required)>'
  [1m[35m (0.4ms)[0m  [1m[35mCOMMIT[0m
  ↳ lib/tasks/load_csv.rake:10:in `block (3 levels) in <top (required)>'
  [1m[35m (0.1ms)[0m  [1m[35mBEGIN[0m
  ↳ lib/tasks/load_csv.rake:10:in `block (3 levels) in <top (required)>'
  [1m[36mRestaurant Create (0.2ms)[0m  [1m[32mINSERT INTO "restaurants" ("name", "address", "post_code", "number_of_chairs", "created_at", "updated_at") VALUES ($1, $2, $3, $4, $5, $6) RETURNING "id"[0m  [["name", "Slug & Lettuce"], ["address", "14 Park Row"], ["post_code", "LS1 5HU"], ["number_of_chairs", 14], ["created_at", "2020-11-12 05:07:22.351206"], ["updated_at", "2020-11-12 05:07:22.351206"]]
  ↳ lib/tasks/load_csv.rake:10:in `block (3 levels) in <top (required)>'
  [1m[35m (0.4ms)[0m  [1m[35mCOMMIT[0m
  ↳ lib/tasks/load_csv.rake:10:in `block (3 levels) in <top (required)>'
  [1m[35m (0.1ms)[0m  [1m[35mBEGIN[0m
  ↳ lib/tasks/load_csv.rake:10:in `block (3 levels) in <top (required)>'
  [1m[36mRestaurant Create (0.2ms)[0m  [1m[32mINSERT INTO "restaurants" ("name", "address", "post_code", "number_of_chairs", "created_at", "updated_at") VALUES ($1, $2, $3, $4, $5, $6) RETURNING "id"[0m  [["name", "Souvlaki restaurant and Bar"], ["address", "18 Great George Street"], ["post_code", "LS1 3DW"], ["number_of_chairs", 6], ["created_at", "2020-11-12 05:07:22.353956"], ["updated_at", "2020-11-12 05:07:22.353956"]]
  ↳ lib/tasks/load_csv.rake:10:in `block (3 levels) in <top (required)>'
  [1m[35m (0.4ms)[0m  [1m[35mCOMMIT[0m
  ↳ lib/tasks/load_csv.rake:10:in `block (3 levels) in <top (required)>'
  [1m[35m (0.1ms)[0m  [1m[35mBEGIN[0m
  ↳ lib/tasks/load_csv.rake:10:in `block (3 levels) in <top (required)>'
  [1m[36mRestaurant Create (0.2ms)[0m  [1m[32mINSERT INTO "restaurants" ("name", "address", "post_code", "number_of_chairs", "created_at", "updated_at") VALUES ($1, $2, $3, $4, $5, $6) RETURNING "id"[0m  [["name", "Starbucks, Albion Street"], ["address", "48 Albion Street"], ["post_code", "LS1 6AA"], ["number_of_chairs", 21], ["created_at", "2020-11-12 05:07:22.356577"], ["updated_at", "2020-11-12 05:07:22.356577"]]
  ↳ lib/tasks/load_csv.rake:10:in `block (3 levels) in <top (required)>'
  [1m[35m (0.3ms)[0m  [1m[35mCOMMIT[0m
  ↳ lib/tasks/load_csv.rake:10:in `block (3 levels) in <top (required)>'
  [1m[35m (0.1ms)[0m  [1m[35mBEGIN[0m
  ↳ lib/tasks/load_csv.rake:10:in `block (3 levels) in <top (required)>'
  [1m[36mRestaurant Create (0.2ms)[0m  [1m[32mINSERT INTO "restaurants" ("name", "address", "post_code", "number_of_chairs", "created_at", "updated_at") VALUES ($1, $2, $3, $4, $5, $6) RETURNING "id"[0m  [["name", "Starbucks, Briggate"], ["address", "80 Briggate"], ["post_code", "LS1 6LQ"], ["number_of_chairs", 2], ["created_at", "2020-11-12 05:07:22.359137"], ["updated_at", "2020-11-12 05:07:22.359137"]]
  ↳ lib/tasks/load_csv.rake:10:in `block (3 levels) in <top (required)>'
  [1m[35m (0.3ms)[0m  [1m[35mCOMMIT[0m
  ↳ lib/tasks/load_csv.rake:10:in `block (3 levels) in <top (required)>'
  [1m[35m (0.1ms)[0m  [1m[35mBEGIN[0m
  ↳ lib/tasks/load_csv.rake:10:in `block (3 levels) in <top (required)>'
  [1m[36mRestaurant Create (0.2ms)[0m  [1m[32mINSERT INTO "restaurants" ("name", "address", "post_code", "number_of_chairs", "created_at", "updated_at") VALUES ($1, $2, $3, $4, $5, $6) RETURNING "id"[0m  [["name", "Starbucks, Headrow"], ["address", "13 The Headrow"], ["post_code", "LS1 8EQ"], ["number_of_chairs", 8], ["created_at", "2020-11-12 05:07:22.361736"], ["updated_at", "2020-11-12 05:07:22.361736"]]
  ↳ lib/tasks/load_csv.rake:10:in `block (3 levels) in <top (required)>'
  [1m[35m (0.3ms)[0m  [1m[35mCOMMIT[0m
  ↳ lib/tasks/load_csv.rake:10:in `block (3 levels) in <top (required)>'
  [1m[35m (0.1ms)[0m  [1m[35mBEGIN[0m
  ↳ lib/tasks/load_csv.rake:10:in `block (3 levels) in <top (required)>'
  [1m[36mRestaurant Create (0.2ms)[0m  [1m[32mINSERT INTO "restaurants" ("name", "address", "post_code", "number_of_chairs", "created_at", "updated_at") VALUES ($1, $2, $3, $4, $5, $6) RETURNING "id"[0m  [["name", "The Adelphi"], ["address", "3 - 5 Hunslet Road"], ["post_code", "LS10 1JQ"], ["number_of_chairs", 35], ["created_at", "2020-11-12 05:07:22.364300"], ["updated_at", "2020-11-12 05:07:22.364300"]]
  ↳ lib/tasks/load_csv.rake:10:in `block (3 levels) in <top (required)>'
  [1m[35m (0.3ms)[0m  [1m[35mCOMMIT[0m
  ↳ lib/tasks/load_csv.rake:10:in `block (3 levels) in <top (required)>'
  [1m[35m (0.1ms)[0m  [1m[35mBEGIN[0m
  ↳ lib/tasks/load_csv.rake:10:in `block (3 levels) in <top (required)>'
  [1m[36mRestaurant Create (0.2ms)[0m  [1m[32mINSERT INTO "restaurants" ("name", "address", "post_code", "number_of_chairs", "created_at", "updated_at") VALUES ($1, $2, $3, $4, $5, $6) RETURNING "id"[0m  [["name", "The New Conservatory"], ["address", "Albion Place"], ["post_code", "LS1 6JL"], ["number_of_chairs", 12], ["created_at", "2020-11-12 05:07:22.366999"], ["updated_at", "2020-11-12 05:07:22.366999"]]
  ↳ lib/tasks/load_csv.rake:10:in `block (3 levels) in <top (required)>'
  [1m[35m (0.4ms)[0m  [1m[35mCOMMIT[0m
  ↳ lib/tasks/load_csv.rake:10:in `block (3 levels) in <top (required)>'
  [1m[35m (0.1ms)[0m  [1m[35mBEGIN[0m
  ↳ lib/tasks/load_csv.rake:10:in `block (3 levels) in <top (required)>'
  [1m[36mRestaurant Create (0.2ms)[0m  [1m[32mINSERT INTO "restaurants" ("name", "address", "post_code", "number_of_chairs", "created_at", "updated_at") VALUES ($1, $2, $3, $4, $5, $6) RETURNING "id"[0m  [["name", "The Picture House"], ["address", "82 - 90 Merrion Street"], ["post_code", "LS2 8LW"], ["number_of_chairs", 20], ["created_at", "2020-11-12 05:07:22.369570"], ["updated_at", "2020-11-12 05:07:22.369570"]]
  ↳ lib/tasks/load_csv.rake:10:in `block (3 levels) in <top (required)>'
  [1m[35m (0.3ms)[0m  [1m[35mCOMMIT[0m
  ↳ lib/tasks/load_csv.rake:10:in `block (3 levels) in <top (required)>'
  [1m[35m (0.1ms)[0m  [1m[35mBEGIN[0m
  ↳ lib/tasks/load_csv.rake:10:in `block (3 levels) in <top (required)>'
  [1m[36mRestaurant Create (0.2ms)[0m  [1m[32mINSERT INTO "restaurants" ("name", "address", "post_code", "number_of_chairs", "created_at", "updated_at") VALUES ($1, $2, $3, $4, $5, $6) RETURNING "id"[0m  [["name", "The Pit"], ["address", "9 Merrion Street"], ["post_code", "LS1 6PQ"], ["number_of_chairs", 64], ["created_at", "2020-11-12 05:07:22.372104"], ["updated_at", "2020-11-12 05:07:22.372104"]]
  ↳ lib/tasks/load_csv.rake:10:in `block (3 levels) in <top (required)>'
  [1m[35m (0.3ms)[0m  [1m[35mCOMMIT[0m
  ↳ lib/tasks/load_csv.rake:10:in `block (3 levels) in <top (required)>'
  [1m[35m (0.1ms)[0m  [1m[35mBEGIN[0m
  ↳ lib/tasks/load_csv.rake:10:in `block (3 levels) in <top (required)>'
  [1m[36mRestaurant Create (0.2ms)[0m  [1m[32mINSERT INTO "restaurants" ("name", "address", "post_code", "number_of_chairs", "created_at", "updated_at") VALUES ($1, $2, $3, $4, $5, $6) RETURNING "id"[0m  [["name", "The White Swan"], ["address", "5 Swan Street"], ["post_code", "LS1 6LG"], ["number_of_chairs", 28], ["created_at", "2020-11-12 05:07:22.375048"], ["updated_at", "2020-11-12 05:07:22.375048"]]
  ↳ lib/tasks/load_csv.rake:10:in `block (3 levels) in <top (required)>'
  [1m[35m (0.3ms)[0m  [1m[35mCOMMIT[0m
  ↳ lib/tasks/load_csv.rake:10:in `block (3 levels) in <top (required)>'
  [1m[35m (0.1ms)[0m  [1m[35mBEGIN[0m
  ↳ lib/tasks/load_csv.rake:10:in `block (3 levels) in <top (required)>'
  [1m[36mRestaurant Create (0.2ms)[0m  [1m[32mINSERT INTO "restaurants" ("name", "address", "post_code", "number_of_chairs", "created_at", "updated_at") VALUES ($1, $2, $3, $4, $5, $6) RETURNING "id"[0m  [["name", "The Wrens Hotel"], ["address", "61A New Briggate"], ["post_code", "LS2 8JD"], ["number_of_chairs", 20], ["created_at", "2020-11-12 05:07:22.377603"], ["updated_at", "2020-11-12 05:07:22.377603"]]
  ↳ lib/tasks/load_csv.rake:10:in `block (3 levels) in <top (required)>'
  [1m[35m (0.3ms)[0m  [1m[35mCOMMIT[0m
  ↳ lib/tasks/load_csv.rake:10:in `block (3 levels) in <top (required)>'
  [1m[35m (0.1ms)[0m  [1m[35mBEGIN[0m
  ↳ lib/tasks/load_csv.rake:10:in `block (3 levels) in <top (required)>'
  [1m[36mRestaurant Create (0.2ms)[0m  [1m[32mINSERT INTO "restaurants" ("name", "address", "post_code", "number_of_chairs", "created_at", "updated_at") VALUES ($1, $2, $3, $4, $5, $6) RETURNING "id"[0m  [["name", "Tiger Tiger"], ["address", "117 Albion St"], ["post_code", "LS2 8DY"], ["number_of_chairs", 118], ["created_at", "2020-11-12 05:07:22.380060"], ["updated_at", "2020-11-12 05:07:22.380060"]]
  ↳ lib/tasks/load_csv.rake:10:in `block (3 levels) in <top (required)>'
  [1m[35m (0.3ms)[0m  [1m[35mCOMMIT[0m
  ↳ lib/tasks/load_csv.rake:10:in `block (3 levels) in <top (required)>'
  [1m[35m (0.1ms)[0m  [1m[35mBEGIN[0m
  ↳ lib/tasks/load_csv.rake:10:in `block (3 levels) in <top (required)>'
  [1m[36mRestaurant Create (0.2ms)[0m  [1m[32mINSERT INTO "restaurants" ("name", "address", "post_code", "number_of_chairs", "created_at", "updated_at") VALUES ($1, $2, $3, $4, $5, $6) RETURNING "id"[0m  [["name", "Town Hall Tavern"], ["address", "17 Westgate "], ["post_code", "LS1 2RA"], ["number_of_chairs", 16], ["created_at", "2020-11-12 05:07:22.382494"], ["updated_at", "2020-11-12 05:07:22.382494"]]
  ↳ lib/tasks/load_csv.rake:10:in `block (3 levels) in <top (required)>'
  [1m[35m (0.3ms)[0m  [1m[35mCOMMIT[0m
  ↳ lib/tasks/load_csv.rake:10:in `block (3 levels) in <top (required)>'
  [1m[35m (0.1ms)[0m  [1m[35mBEGIN[0m
  ↳ lib/tasks/load_csv.rake:10:in `block (3 levels) in <top (required)>'
  [1m[36mRestaurant Create (0.3ms)[0m  [1m[32mINSERT INTO "restaurants" ("name", "address", "post_code", "number_of_chairs", "created_at", "updated_at") VALUES ($1, $2, $3, $4, $5, $6) RETURNING "id"[0m  [["name", "Verve"], ["address", "16 Merrion Street"], ["post_code", "LS1 6PQ"], ["number_of_chairs", 24], ["created_at", "2020-11-12 05:07:22.385085"], ["updated_at", "2020-11-12 05:07:22.385085"]]
  ↳ lib/tasks/load_csv.rake:10:in `block (3 levels) in <top (required)>'
  [1m[35m (0.4ms)[0m  [1m[35mCOMMIT[0m
  ↳ lib/tasks/load_csv.rake:10:in `block (3 levels) in <top (required)>'
  [1m[35m (0.1ms)[0m  [1m[35mBEGIN[0m
  ↳ lib/tasks/load_csv.rake:10:in `block (3 levels) in <top (required)>'
  [1m[36mRestaurant Create (0.9ms)[0m  [1m[32mINSERT INTO "restaurants" ("name", "address", "post_code", "number_of_chairs", "created_at", "updated_at") VALUES ($1, $2, $3, $4, $5, $6) RETURNING "id"[0m  [["name", "Zizzi Restaurant"], ["address", "2 Cloth Hall Street"], ["post_code", "LS1 2HD"], ["number_of_chairs", 6], ["created_at", "2020-11-12 05:07:22.388393"], ["updated_at", "2020-11-12 05:07:22.388393"]]
  ↳ lib/tasks/load_csv.rake:10:in `block (3 levels) in <top (required)>'
  [1m[35m (0.3ms)[0m  [1m[35mCOMMIT[0m
  ↳ lib/tasks/load_csv.rake:10:in `block (3 levels) in <top (required)>'
